<?xml version="1.0" encoding="UTF-8" ?>
<testsuite tests="7" failures="0" name="cursoDAgil.service.cliente.ClienteServiceImplTest" time="0.064" errors="0" skipped="0">
  <properties>
    <property name="java.runtime.name" value="OpenJDK Runtime Environment"/>
    <property name="java.vm.version" value="17.0.1+12"/>
    <property name="sun.boot.library.path" value="/opt/eclipse/plugins/org.eclipse.justj.openjdk.hotspot.jre.full.linux.x86_64_17.0.1.v20211116-1657/jre/lib"/>
    <property name="maven.multiModuleProjectDirectory" value="/home/leonel/Documents/GitHub/cursoDAgil/PFrameworksServiciosEq2"/>
    <property name="java.vm.vendor" value="Eclipse Adoptium"/>
    <property name="java.vendor.url" value="https://adoptium.net/"/>
    <property name="path.separator" value=":"/>
    <property name="guice.disable.misplaced.annotation.check" value="true"/>
    <property name="java.vm.name" value="OpenJDK 64-Bit Server VM"/>
    <property name="user.country" value="US"/>
    <property name="sun.java.launcher" value="SUN_STANDARD"/>
    <property name="java.vm.specification.name" value="Java Virtual Machine Specification"/>
    <property name="user.dir" value="/home/leonel/Documents/GitHub/cursoDAgil/PFrameworksServiciosEq2"/>
    <property name="java.vm.compressedOopsMode" value="Zero based"/>
    <property name="java.runtime.version" value="17.0.1+12"/>
    <property name="os.arch" value="amd64"/>
    <property name="java.io.tmpdir" value="/tmp"/>
    <property name="line.separator" value="
"/>
    <property name="java.vm.specification.vendor" value="Oracle Corporation"/>
    <property name="os.name" value="Linux"/>
    <property name="classworlds.conf" value="/home/leonel/eclipse-workspace/.metadata/.plugins/org.eclipse.m2e.launching/launches/m2conf2810844834327876576.tmp"/>
    <property name="sun.jnu.encoding" value="UTF-8"/>
    <property name="java.library.path" value="/usr/java/packages/lib:/usr/lib64:/lib64:/lib:/usr/lib"/>
    <property name="jdk.debug" value="release"/>
    <property name="java.class.version" value="61.0"/>
    <property name="java.specification.name" value="Java Platform API Specification"/>
    <property name="sun.management.compiler" value="HotSpot 64-Bit Tiered Compilers"/>
    <property name="os.version" value="5.13.0-51-generic"/>
    <property name="user.home" value="/home/leonel"/>
    <property name="user.timezone" value="America/Mexico_City"/>
    <property name="file.encoding" value="UTF-8"/>
    <property name="java.specification.version" value="17"/>
    <property name="user.name" value="leonel"/>
    <property name="java.class.path" value="/opt/eclipse/plugins/org.eclipse.m2e.maven.runtime_1.18.1.20211011-2139/jars/plexus-classworlds-2.6.0.jar"/>
    <property name="java.vm.specification.version" value="17"/>
    <property name="sun.arch.data.model" value="64"/>
    <property name="sun.java.command" value="org.codehaus.plexus.classworlds.launcher.Launcher -B install"/>
    <property name="java.home" value="/opt/eclipse/plugins/org.eclipse.justj.openjdk.hotspot.jre.full.linux.x86_64_17.0.1.v20211116-1657/jre"/>
    <property name="user.language" value="en"/>
    <property name="java.specification.vendor" value="Oracle Corporation"/>
    <property name="java.vm.info" value="mixed mode"/>
    <property name="java.version" value="17.0.1"/>
    <property name="native.encoding" value="UTF-8"/>
    <property name="securerandom.source" value="file:/dev/./urandom"/>
    <property name="java.vendor" value="Eclipse Adoptium"/>
    <property name="maven.home" value="/home/leonel/Documents/GitHub/cursoDAgil/PFrameworksServiciosEq2/EMBEDDED"/>
    <property name="file.separator" value="/"/>
    <property name="java.version.date" value="2021-10-19"/>
    <property name="java.vendor.url.bug" value="https://github.com/adoptium/adoptium-support/issues"/>
    <property name="sun.io.unicode.encoding" value="UnicodeLittle"/>
    <property name="sun.cpu.endian" value="little"/>
    <property name="java.vendor.version" value="Temurin-17.0.1+12"/>
  </properties>
  <testcase classname="cursoDAgil.service.cliente.ClienteServiceImplTest" name="eliminarcliente" time="0.004"/>
  <testcase classname="cursoDAgil.service.cliente.ClienteServiceImplTest" name="pruebaConsultarTodoSoloCliente" time="0.003"/>
  <testcase classname="cursoDAgil.service.cliente.ClienteServiceImplTest" name="actualizarCliente" time="0.001"/>
  <testcase classname="cursoDAgil.service.cliente.ClienteServiceImplTest" name="pruebaConsultarTodo" time="0.003"/>
  <testcase classname="cursoDAgil.service.cliente.ClienteServiceImplTest" name="consultarClientePorId" time="0.002"/>
  <testcase classname="cursoDAgil.service.cliente.ClienteServiceImplTest" name="consultarSoloClientePorId" time="0.002"/>
  <testcase classname="cursoDAgil.service.cliente.ClienteServiceImplTest" name="nuevoRegistro" time="0.049"/>
</testsuite>